# JRE version: OpenJDK Runtime Environment (8.0_152-b01) (build 1.8.0_152-release-915-b01)
# Java VM: OpenJDK 64-Bit Server VM (25.152-b01 mixed mode linux-amd64 compressed oops)
Heap:
 PSYoungGen      total 491520K, used 387339K [0x00000000e0000000, 0x00000000fff00000, 0x0000000100000000)
  eden space 459776K, 82% used [0x00000000e0000000,0x00000000f728fa88,0x00000000fc100000)
  from space 31744K, 24% used [0x00000000fc100000,0x00000000fc8b32c8,0x00000000fe000000)
  to   space 30720K, 0% used [0x00000000fe100000,0x00000000fe100000,0x00000000fff00000)
 ParOldGen       total 102400K, used 74607K [0x00000000a0000000, 0x00000000a6400000, 0x00000000e0000000)
  object space 102400K, 72% used [0x00000000a0000000,0x00000000a48dbc88,0x00000000a6400000)
 Metaspace       used 78905K, capacity 83932K, committed 84184K, reserved 1122304K
  class space    used 10232K, capacity 11497K, committed 11520K, reserved 1048576K
GC Heap History (10 events):
Event: 21,190 GC heap before
{Heap before GC invocations=12 (full 3):
 PSYoungGen      total 392192K, used 20502K [0x00000000e0000000, 0x0000000100000000, 0x0000000100000000)
  eden space 365568K, 0% used [0x00000000e0000000,0x00000000e0000000,0x00000000f6500000)
  from space 26624K, 77% used [0x00000000f6500000,0x00000000f7905998,0x00000000f7f00000)
  to   space 28160K, 0% used [0x00000000fe480000,0x00000000fe480000,0x0000000100000000)
 ParOldGen       total 74240K, used 27345K [0x00000000a0000000, 0x00000000a4880000, 0x00000000e0000000)
  object space 74240K, 36% used [0x00000000a0000000,0x00000000a1ab4550,0x00000000a4880000)
 Metaspace       used 57075K, capacity 58948K, committed 59028K, reserved 1099776K
  class space    used 7646K, capacity 8156K, committed 8192K, reserved 1048576K
Event: 21,410 GC heap after
Heap after GC invocations=12 (full 3):
 PSYoungGen      total 392192K, used 0K [0x00000000e0000000, 0x0000000100000000, 0x0000000100000000)
  eden space 365568K, 0% used [0x00000000e0000000,0x00000000e0000000,0x00000000f6500000)
  from space 26624K, 0% used [0x00000000f6500000,0x00000000f6500000,0x00000000f7f00000)
  to   space 28160K, 0% used [0x00000000fe480000,0x00000000fe480000,0x0000000100000000)
 ParOldGen       total 102400K, used 34564K [0x00000000a0000000, 0x00000000a6400000, 0x00000000e0000000)
  object space 102400K, 33% used [0x00000000a0000000,0x00000000a21c10a8,0x00000000a6400000)
 Metaspace       used 57075K, capacity 58948K, committed 59028K, reserved 1099776K
  class space    used 7646K, capacity 8156K, committed 8192K, reserved 1048576K
}
Event: 30,066 GC heap before
{Heap before GC invocations=13 (full 3):
 PSYoungGen      total 392192K, used 365568K [0x00000000e0000000, 0x0000000100000000, 0x0000000100000000)
  eden space 365568K, 100% used [0x00000000e0000000,0x00000000f6500000,0x00000000f6500000)
  from space 26624K, 0% used [0x00000000f6500000,0x00000000f6500000,0x00000000f7f00000)
  to   space 28160K, 0% used [0x00000000fe480000,0x00000000fe480000,0x0000000100000000)
 ParOldGen       total 102400K, used 34564K [0x00000000a0000000, 0x00000000a6400000, 0x00000000e0000000)
  object space 102400K, 33% used [0x00000000a0000000,0x00000000a21c10a8,0x00000000a6400000)
 Metaspace       used 65299K, capacity 68110K, committed 68312K, reserved 1107968K
  class space    used 8631K, capacity 9359K, committed 9472K, reserved 1048576K
Event: 30,110 GC heap after
Heap after GC invocations=13 (full 3):
 PSYoungGen      total 486912K, used 28128K [0x00000000e0000000, 0x0000000100000000, 0x0000000100000000)
  eden space 458752K, 0% used [0x00000000e0000000,0x00000000e0000000,0x00000000fc000000)
  from space 28160K, 99% used [0x00000000fe480000,0x00000000ffff8168,0x0000000100000000)
  to   space 32768K, 0% used [0x00000000fc000000,0x00000000fc000000,0x00000000fe000000)
 ParOldGen       total 102400K, used 35717K [0x00000000a0000000, 0x00000000a6400000, 0x00000000e0000000)
  object space 102400K, 34% used [0x00000000a0000000,0x00000000a22e1420,0x00000000a6400000)
 Metaspace       used 65299K, capacity 68110K, committed 68312K, reserved 1107968K
  class space    used 8631K, capacity 9359K, committed 9472K, reserved 1048576K
}
Event: 720,391 GC heap before
{Heap before GC invocations=14 (full 3):
 PSYoungGen      total 486912K, used 486880K [0x00000000e0000000, 0x0000000100000000, 0x0000000100000000)
  eden space 458752K, 100% used [0x00000000e0000000,0x00000000fc000000,0x00000000fc000000)
  from space 28160K, 99% used [0x00000000fe480000,0x00000000ffff8168,0x0000000100000000)
  to   space 32768K, 0% used [0x00000000fc000000,0x00000000fc000000,0x00000000fe000000)
 ParOldGen       total 102400K, used 35717K [0x00000000a0000000, 0x00000000a6400000, 0x00000000e0000000)
  object space 102400K, 34% used [0x00000000a0000000,0x00000000a22e1420,0x00000000a6400000)
 Metaspace       used 71461K, capacity 75388K, committed 75736K, reserved 1114112K
  class space    used 9368K, capacity 10387K, committed 10496K, reserved 1048576K
Event: 720,488 GC heap after
Heap after GC invocations=14 (full 3):
 PSYoungGen      total 491520K, used 15747K [0x00000000e0000000, 0x0000000100000000, 0x0000000100000000)
  eden space 458752K, 0% used [0x00000000e0000000,0x00000000e0000000,0x00000000fc000000)
  from space 32768K, 48% used [0x00000000fc000000,0x00000000fcf60eb0,0x00000000fe000000)
  to   space 31744K, 0% used [0x00000000fe100000,0x00000000fe100000,0x0000000100000000)
 ParOldGen       total 102400K, used 60030K [0x00000000a0000000, 0x00000000a6400000, 0x00000000e0000000)
  object space 102400K, 58% used [0x00000000a0000000,0x00000000a3a9fa38,0x00000000a6400000)
 Metaspace       used 71461K, capacity 75388K, committed 75736K, reserved 1114112K
  class space    used 9368K, capacity 10387K, committed 10496K, reserved 1048576K
}
Event: 726,634 GC heap before
{Heap before GC invocations=15 (full 3):
 PSYoungGen      total 491520K, used 474499K [0x00000000e0000000, 0x0000000100000000, 0x0000000100000000)
  eden space 458752K, 100% used [0x00000000e0000000,0x00000000fc000000,0x00000000fc000000)
  from space 32768K, 48% used [0x00000000fc000000,0x00000000fcf60eb0,0x00000000fe000000)
  to   space 31744K, 0% used [0x00000000fe100000,0x00000000fe100000,0x0000000100000000)
 ParOldGen       total 102400K, used 60030K [0x00000000a0000000, 0x00000000a6400000, 0x00000000e0000000)
  object space 102400K, 58% used [0x00000000a0000000,0x00000000a3a9fa38,0x00000000a6400000)
 Metaspace       used 75852K, capacity 79984K, committed 80088K, reserved 1118208K
  class space    used 9856K, capacity 10909K, committed 11008K, reserved 1048576K
Event: 726,674 GC heap after
Heap after GC invocations=15 (full 3):
 PSYoungGen      total 490496K, used 4349K [0x00000000e0000000, 0x00000000fff00000, 0x0000000100000000)
  eden space 459776K, 0% used [0x00000000e0000000,0x00000000e0000000,0x00000000fc100000)
  from space 30720K, 14% used [0x00000000fe100000,0x00000000fe53f780,0x00000000fff00000)
  to   space 31744K, 0% used [0x00000000fc100000,0x00000000fc100000,0x00000000fe000000)
 ParOldGen       total 102400K, used 72759K [0x00000000a0000000, 0x00000000a6400000, 0x00000000e0000000)
  object space 102400K, 71% used [0x00000000a0000000,0x00000000a470dc08,0x00000000a6400000)
 Metaspace       used 75852K, capacity 79984K, committed 80088K, reserved 1118208K
  class space    used 9856K, capacity 10909K, committed 11008K, reserved 1048576K
}
Event: 2197,435 GC heap before
{Heap before GC invocations=16 (full 3):
 PSYoungGen      total 490496K, used 464125K [0x00000000e0000000, 0x00000000fff00000, 0x0000000100000000)
  eden space 459776K, 100% used [0x00000000e0000000,0x00000000fc100000,0x00000000fc100000)
  from space 30720K, 14% used [0x00000000fe100000,0x00000000fe53f780,0x00000000fff00000)
  to   space 31744K, 0% used [0x00000000fc100000,0x00000000fc100000,0x00000000fe000000)
 ParOldGen       total 102400K, used 72759K [0x00000000a0000000, 0x00000000a6400000, 0x00000000e0000000)
  object space 102400K, 71% used [0x00000000a0000000,0x00000000a470dc08,0x00000000a6400000)
 Metaspace       used 76717K, capacity 81216K, committed 81496K, reserved 1120256K
  class space    used 9941K, capacity 11107K, committed 11136K, reserved 1048576K
Event: 2197,467 GC heap after
Heap after GC invocations=16 (full 3):
 PSYoungGen      total 491520K, used 7884K [0x00000000e0000000, 0x00000000fff00000, 0x0000000100000000)
  eden space 459776K, 0% used [0x00000000e0000000,0x00000000e0000000,0x00000000fc100000)
  from space 31744K, 24% used [0x00000000fc100000,0x00000000fc8b32c8,0x00000000fe000000)
  to   space 30720K, 0% used [0x00000000fe100000,0x00000000fe100000,0x00000000fff00000)
 ParOldGen       total 102400K, used 74607K [0x00000000a0000000, 0x00000000a6400000, 0x00000000e0000000)
  object space 102400K, 72% used [0x00000000a0000000,0x00000000a48dbc88,0x00000000a6400000)
 Metaspace       used 76717K, capacity 81216K, committed 81496K, reserved 1120256K
  class space    used 9941K, capacity 11107K, committed 11136K, reserved 1048576K
}

